2019-12-16 16:32:56,835 [DEBUG] org.apache.http.client.protocol.RequestAddCookies  - CookieSpec selected: standard
2019-12-16 16:32:56,854 [DEBUG] org.apache.http.client.protocol.RequestAuthCache  - Auth cache not set in the context
2019-12-16 16:32:56,856 [DEBUG] org.apache.http.impl.conn.PoolingHttpClientConnectionManager  - Connection request: [route: {s}->https://chromedriver.storage.googleapis.com:443][total kept alive: 0; route allocated: 0 of 2; total allocated: 0 of 20]
2019-12-16 16:32:56,871 [DEBUG] org.apache.http.impl.conn.PoolingHttpClientConnectionManager  - Connection leased: [id: 0][route: {s}->https://chromedriver.storage.googleapis.com:443][total kept alive: 0; route allocated: 1 of 2; total allocated: 1 of 20]
2019-12-16 16:32:56,872 [DEBUG] org.apache.http.impl.execchain.MainClientExec  - Opening connection {s}->https://chromedriver.storage.googleapis.com:443
2019-12-16 16:32:57,160 [DEBUG] org.apache.http.impl.conn.DefaultHttpClientConnectionOperator  - Connecting to chromedriver.storage.googleapis.com/216.58.203.176:443
2019-12-16 16:32:57,160 [DEBUG] org.apache.http.conn.ssl.SSLConnectionSocketFactory  - Connecting socket to chromedriver.storage.googleapis.com/216.58.203.176:443 with timeout 0
2019-12-16 16:32:57,664 [DEBUG] org.apache.http.conn.ssl.SSLConnectionSocketFactory  - Enabled protocols: [TLSv1, TLSv1.1, TLSv1.2]
2019-12-16 16:32:57,665 [DEBUG] org.apache.http.conn.ssl.SSLConnectionSocketFactory  - Enabled cipher suites:[TLS_ECDHE_ECDSA_WITH_AES_128_CBC_SHA256, TLS_ECDHE_RSA_WITH_AES_128_CBC_SHA256, TLS_RSA_WITH_AES_128_CBC_SHA256, TLS_ECDH_ECDSA_WITH_AES_128_CBC_SHA256, TLS_ECDH_RSA_WITH_AES_128_CBC_SHA256, TLS_DHE_RSA_WITH_AES_128_CBC_SHA256, TLS_DHE_DSS_WITH_AES_128_CBC_SHA256, TLS_ECDHE_ECDSA_WITH_AES_128_CBC_SHA, TLS_ECDHE_RSA_WITH_AES_128_CBC_SHA, TLS_RSA_WITH_AES_128_CBC_SHA, TLS_ECDH_ECDSA_WITH_AES_128_CBC_SHA, TLS_ECDH_RSA_WITH_AES_128_CBC_SHA, TLS_DHE_RSA_WITH_AES_128_CBC_SHA, TLS_DHE_DSS_WITH_AES_128_CBC_SHA, TLS_ECDHE_ECDSA_WITH_AES_128_GCM_SHA256, TLS_ECDHE_RSA_WITH_AES_128_GCM_SHA256, TLS_RSA_WITH_AES_128_GCM_SHA256, TLS_ECDH_ECDSA_WITH_AES_128_GCM_SHA256, TLS_ECDH_RSA_WITH_AES_128_GCM_SHA256, TLS_DHE_RSA_WITH_AES_128_GCM_SHA256, TLS_DHE_DSS_WITH_AES_128_GCM_SHA256, TLS_ECDHE_ECDSA_WITH_3DES_EDE_CBC_SHA, TLS_ECDHE_RSA_WITH_3DES_EDE_CBC_SHA, SSL_RSA_WITH_3DES_EDE_CBC_SHA, TLS_ECDH_ECDSA_WITH_3DES_EDE_CBC_SHA, TLS_ECDH_RSA_WITH_3DES_EDE_CBC_SHA, SSL_DHE_RSA_WITH_3DES_EDE_CBC_SHA, SSL_DHE_DSS_WITH_3DES_EDE_CBC_SHA, TLS_EMPTY_RENEGOTIATION_INFO_SCSV]
2019-12-16 16:32:57,665 [DEBUG] org.apache.http.conn.ssl.SSLConnectionSocketFactory  - Starting handshake
2019-12-16 16:32:57,837 [DEBUG] org.apache.http.conn.ssl.SSLConnectionSocketFactory  - Secure session established
2019-12-16 16:32:57,837 [DEBUG] org.apache.http.conn.ssl.SSLConnectionSocketFactory  -  negotiated protocol: TLSv1.2
2019-12-16 16:32:57,837 [DEBUG] org.apache.http.conn.ssl.SSLConnectionSocketFactory  -  negotiated cipher suite: TLS_ECDHE_ECDSA_WITH_AES_128_GCM_SHA256
2019-12-16 16:32:57,838 [DEBUG] org.apache.http.conn.ssl.SSLConnectionSocketFactory  -  peer principal: CN=*.storage.googleapis.com, O=Google LLC, L=Mountain View, ST=California, C=US
2019-12-16 16:32:57,838 [DEBUG] org.apache.http.conn.ssl.SSLConnectionSocketFactory  -  peer alternative names: [*.storage.googleapis.com, *.appspot.com.storage.googleapis.com, *.commondatastorage.googleapis.com, *.content-storage-download.googleapis.com, *.content-storage-upload.googleapis.com, *.content-storage.googleapis.com, *.googleapis.com, *.storage-download.googleapis.com, *.storage-upload.googleapis.com, *.storage.select.googleapis.com, commondatastorage.googleapis.com, storage.googleapis.com, storage.select.googleapis.com, unfiltered.news]
2019-12-16 16:32:57,838 [DEBUG] org.apache.http.conn.ssl.SSLConnectionSocketFactory  -  issuer principal: CN=GTS CA 1O1, O=Google Trust Services, C=US
2019-12-16 16:32:57,840 [DEBUG] org.apache.http.impl.conn.DefaultHttpClientConnectionOperator  - Connection established 192.168.0.3:4503<->216.58.203.176:443
2019-12-16 16:32:57,840 [DEBUG] org.apache.http.impl.conn.DefaultManagedHttpClientConnection  - http-outgoing-0: set socket timeout to 30000
2019-12-16 16:32:57,877 [DEBUG] org.apache.http.impl.execchain.MainClientExec  - Executing request GET /LATEST_RELEASE HTTP/1.1
2019-12-16 16:32:57,877 [DEBUG] org.apache.http.impl.execchain.MainClientExec  - Target auth state: UNCHALLENGED
2019-12-16 16:32:57,878 [DEBUG] org.apache.http.impl.execchain.MainClientExec  - Proxy auth state: UNCHALLENGED
2019-12-16 16:32:57,881 [DEBUG] org.apache.http.headers  - http-outgoing-0 >> GET /LATEST_RELEASE HTTP/1.1
2019-12-16 16:32:57,881 [DEBUG] org.apache.http.headers  - http-outgoing-0 >> User-Agent: Apache-HttpClient/4.5.6
2019-12-16 16:32:57,881 [DEBUG] org.apache.http.headers  - http-outgoing-0 >> Connection: keep-alive
2019-12-16 16:32:57,881 [DEBUG] org.apache.http.headers  - http-outgoing-0 >> Host: chromedriver.storage.googleapis.com
2019-12-16 16:32:57,881 [DEBUG] org.apache.http.headers  - http-outgoing-0 >> Accept-Encoding: gzip,deflate
2019-12-16 16:32:57,881 [DEBUG] org.apache.http.wire  - http-outgoing-0 >> "GET /LATEST_RELEASE HTTP/1.1[\r][\n]"
2019-12-16 16:32:57,882 [DEBUG] org.apache.http.wire  - http-outgoing-0 >> "User-Agent: Apache-HttpClient/4.5.6[\r][\n]"
2019-12-16 16:32:57,882 [DEBUG] org.apache.http.wire  - http-outgoing-0 >> "Connection: keep-alive[\r][\n]"
2019-12-16 16:32:57,882 [DEBUG] org.apache.http.wire  - http-outgoing-0 >> "Host: chromedriver.storage.googleapis.com[\r][\n]"
2019-12-16 16:32:57,882 [DEBUG] org.apache.http.wire  - http-outgoing-0 >> "Accept-Encoding: gzip,deflate[\r][\n]"
2019-12-16 16:32:57,882 [DEBUG] org.apache.http.wire  - http-outgoing-0 >> "[\r][\n]"
2019-12-16 16:32:57,920 [DEBUG] org.apache.http.wire  - http-outgoing-0 << "HTTP/1.1 200 OK[\r][\n]"
2019-12-16 16:32:57,920 [DEBUG] org.apache.http.wire  - http-outgoing-0 << "X-GUploader-UploadID: AEnB2Uoe7d3A2H2_m2-1UNzb35h21DKLm_bGa2EcNzm4BrbfJqScW9LIDEFkaPLMPbHprm_e_e5oHmcYD14eFjwKQZ6woFCgVA[\r][\n]"
2019-12-16 16:32:57,920 [DEBUG] org.apache.http.wire  - http-outgoing-0 << "Expires: Mon, 16 Dec 2019 11:29:01 GMT[\r][\n]"
2019-12-16 16:32:57,920 [DEBUG] org.apache.http.wire  - http-outgoing-0 << "Date: Mon, 16 Dec 2019 10:29:01 GMT[\r][\n]"
2019-12-16 16:32:57,921 [DEBUG] org.apache.http.wire  - http-outgoing-0 << "Last-Modified: Mon, 18 Nov 2019 18:23:00 GMT[\r][\n]"
2019-12-16 16:32:57,921 [DEBUG] org.apache.http.wire  - http-outgoing-0 << "ETag: "b9bde7b64efbdd91bcd063096c26c2f3"[\r][\n]"
2019-12-16 16:32:57,924 [DEBUG] org.apache.http.wire  - http-outgoing-0 << "x-goog-generation: 1574101380239091[\r][\n]"
2019-12-16 16:32:57,924 [DEBUG] org.apache.http.wire  - http-outgoing-0 << "x-goog-metageneration: 1[\r][\n]"
2019-12-16 16:32:57,924 [DEBUG] org.apache.http.wire  - http-outgoing-0 << "x-goog-stored-content-encoding: identity[\r][\n]"
2019-12-16 16:32:57,924 [DEBUG] org.apache.http.wire  - http-outgoing-0 << "x-goog-stored-content-length: 13[\r][\n]"
2019-12-16 16:32:57,924 [DEBUG] org.apache.http.wire  - http-outgoing-0 << "Content-Type: text/plain[\r][\n]"
2019-12-16 16:32:57,924 [DEBUG] org.apache.http.wire  - http-outgoing-0 << "Content-Language: en[\r][\n]"
2019-12-16 16:32:57,925 [DEBUG] org.apache.http.wire  - http-outgoing-0 << "x-goog-hash: crc32c=ZrfQ6Q==[\r][\n]"
2019-12-16 16:32:57,925 [DEBUG] org.apache.http.wire  - http-outgoing-0 << "x-goog-hash: md5=ub3ntk773ZG80GMJbCbC8w==[\r][\n]"
2019-12-16 16:32:57,925 [DEBUG] org.apache.http.wire  - http-outgoing-0 << "x-goog-storage-class: STANDARD[\r][\n]"
2019-12-16 16:32:57,925 [DEBUG] org.apache.http.wire  - http-outgoing-0 << "Accept-Ranges: bytes[\r][\n]"
2019-12-16 16:32:57,925 [DEBUG] org.apache.http.wire  - http-outgoing-0 << "Content-Length: 13[\r][\n]"
2019-12-16 16:32:57,925 [DEBUG] org.apache.http.wire  - http-outgoing-0 << "Server: UploadServer[\r][\n]"
2019-12-16 16:32:57,925 [DEBUG] org.apache.http.wire  - http-outgoing-0 << "Cache-Control: public, max-age=3600[\r][\n]"
2019-12-16 16:32:57,925 [DEBUG] org.apache.http.wire  - http-outgoing-0 << "Age: 2036[\r][\n]"
2019-12-16 16:32:57,925 [DEBUG] org.apache.http.wire  - http-outgoing-0 << "Alt-Svc: quic=":443"; ma=2592000; v="46,43",h3-Q050=":443"; ma=2592000,h3-Q049=":443"; ma=2592000,h3-Q048=":443"; ma=2592000,h3-Q046=":443"; ma=2592000,h3-Q043=":443"; ma=2592000[\r][\n]"
2019-12-16 16:32:57,926 [DEBUG] org.apache.http.wire  - http-outgoing-0 << "[\r][\n]"
2019-12-16 16:32:57,926 [DEBUG] org.apache.http.wire  - http-outgoing-0 << "78.0.3904.105"
2019-12-16 16:32:57,931 [DEBUG] org.apache.http.headers  - http-outgoing-0 << HTTP/1.1 200 OK
2019-12-16 16:32:57,931 [DEBUG] org.apache.http.headers  - http-outgoing-0 << X-GUploader-UploadID: AEnB2Uoe7d3A2H2_m2-1UNzb35h21DKLm_bGa2EcNzm4BrbfJqScW9LIDEFkaPLMPbHprm_e_e5oHmcYD14eFjwKQZ6woFCgVA
2019-12-16 16:32:57,931 [DEBUG] org.apache.http.headers  - http-outgoing-0 << Expires: Mon, 16 Dec 2019 11:29:01 GMT
2019-12-16 16:32:57,932 [DEBUG] org.apache.http.headers  - http-outgoing-0 << Date: Mon, 16 Dec 2019 10:29:01 GMT
2019-12-16 16:32:57,932 [DEBUG] org.apache.http.headers  - http-outgoing-0 << Last-Modified: Mon, 18 Nov 2019 18:23:00 GMT
2019-12-16 16:32:57,932 [DEBUG] org.apache.http.headers  - http-outgoing-0 << ETag: "b9bde7b64efbdd91bcd063096c26c2f3"
2019-12-16 16:32:57,932 [DEBUG] org.apache.http.headers  - http-outgoing-0 << x-goog-generation: 1574101380239091
2019-12-16 16:32:57,932 [DEBUG] org.apache.http.headers  - http-outgoing-0 << x-goog-metageneration: 1
2019-12-16 16:32:57,932 [DEBUG] org.apache.http.headers  - http-outgoing-0 << x-goog-stored-content-encoding: identity
2019-12-16 16:32:57,932 [DEBUG] org.apache.http.headers  - http-outgoing-0 << x-goog-stored-content-length: 13
2019-12-16 16:32:57,932 [DEBUG] org.apache.http.headers  - http-outgoing-0 << Content-Type: text/plain
2019-12-16 16:32:57,932 [DEBUG] org.apache.http.headers  - http-outgoing-0 << Content-Language: en
2019-12-16 16:32:57,932 [DEBUG] org.apache.http.headers  - http-outgoing-0 << x-goog-hash: crc32c=ZrfQ6Q==
2019-12-16 16:32:57,932 [DEBUG] org.apache.http.headers  - http-outgoing-0 << x-goog-hash: md5=ub3ntk773ZG80GMJbCbC8w==
2019-12-16 16:32:57,932 [DEBUG] org.apache.http.headers  - http-outgoing-0 << x-goog-storage-class: STANDARD
2019-12-16 16:32:57,932 [DEBUG] org.apache.http.headers  - http-outgoing-0 << Accept-Ranges: bytes
2019-12-16 16:32:57,932 [DEBUG] org.apache.http.headers  - http-outgoing-0 << Content-Length: 13
2019-12-16 16:32:57,932 [DEBUG] org.apache.http.headers  - http-outgoing-0 << Server: UploadServer
2019-12-16 16:32:57,932 [DEBUG] org.apache.http.headers  - http-outgoing-0 << Cache-Control: public, max-age=3600
2019-12-16 16:32:57,933 [DEBUG] org.apache.http.headers  - http-outgoing-0 << Age: 2036
2019-12-16 16:32:57,933 [DEBUG] org.apache.http.headers  - http-outgoing-0 << Alt-Svc: quic=":443"; ma=2592000; v="46,43",h3-Q050=":443"; ma=2592000,h3-Q049=":443"; ma=2592000,h3-Q048=":443"; ma=2592000,h3-Q046=":443"; ma=2592000,h3-Q043=":443"; ma=2592000
2019-12-16 16:32:57,940 [DEBUG] org.apache.http.impl.execchain.MainClientExec  - Connection can be kept alive indefinitely
2019-12-16 16:32:57,954 [DEBUG] org.apache.http.impl.conn.PoolingHttpClientConnectionManager  - Connection [id: 0][route: {s}->https://chromedriver.storage.googleapis.com:443] can be kept alive indefinitely
2019-12-16 16:32:57,954 [DEBUG] org.apache.http.impl.conn.DefaultManagedHttpClientConnection  - http-outgoing-0: set socket timeout to 0
2019-12-16 16:32:57,954 [DEBUG] org.apache.http.impl.conn.PoolingHttpClientConnectionManager  - Connection released: [id: 0][route: {s}->https://chromedriver.storage.googleapis.com:443][total kept alive: 1; route allocated: 1 of 2; total allocated: 1 of 20]
2019-12-16 16:33:16,840 [DEBUG] org.apache.http.client.protocol.RequestAddCookies  - CookieSpec selected: standard
2019-12-16 16:33:16,840 [DEBUG] org.apache.http.client.protocol.RequestAuthCache  - Auth cache not set in the context
2019-12-16 16:33:16,841 [DEBUG] org.apache.http.impl.conn.PoolingHttpClientConnectionManager  - Connection request: [route: {s}->https://chromedriver.storage.googleapis.com:443][total kept alive: 0; route allocated: 0 of 2; total allocated: 0 of 20]
2019-12-16 16:33:16,841 [DEBUG] org.apache.http.impl.conn.PoolingHttpClientConnectionManager  - Connection leased: [id: 1][route: {s}->https://chromedriver.storage.googleapis.com:443][total kept alive: 0; route allocated: 1 of 2; total allocated: 1 of 20]
2019-12-16 16:33:16,841 [DEBUG] org.apache.http.impl.execchain.MainClientExec  - Opening connection {s}->https://chromedriver.storage.googleapis.com:443
2019-12-16 16:33:16,841 [DEBUG] org.apache.http.impl.conn.DefaultHttpClientConnectionOperator  - Connecting to chromedriver.storage.googleapis.com/216.58.203.176:443
2019-12-16 16:33:16,841 [DEBUG] org.apache.http.conn.ssl.SSLConnectionSocketFactory  - Connecting socket to chromedriver.storage.googleapis.com/216.58.203.176:443 with timeout 0
2019-12-16 16:33:16,876 [DEBUG] org.apache.http.conn.ssl.SSLConnectionSocketFactory  - Enabled protocols: [TLSv1, TLSv1.1, TLSv1.2]
2019-12-16 16:33:16,876 [DEBUG] org.apache.http.conn.ssl.SSLConnectionSocketFactory  - Enabled cipher suites:[TLS_ECDHE_ECDSA_WITH_AES_128_CBC_SHA256, TLS_ECDHE_RSA_WITH_AES_128_CBC_SHA256, TLS_RSA_WITH_AES_128_CBC_SHA256, TLS_ECDH_ECDSA_WITH_AES_128_CBC_SHA256, TLS_ECDH_RSA_WITH_AES_128_CBC_SHA256, TLS_DHE_RSA_WITH_AES_128_CBC_SHA256, TLS_DHE_DSS_WITH_AES_128_CBC_SHA256, TLS_ECDHE_ECDSA_WITH_AES_128_CBC_SHA, TLS_ECDHE_RSA_WITH_AES_128_CBC_SHA, TLS_RSA_WITH_AES_128_CBC_SHA, TLS_ECDH_ECDSA_WITH_AES_128_CBC_SHA, TLS_ECDH_RSA_WITH_AES_128_CBC_SHA, TLS_DHE_RSA_WITH_AES_128_CBC_SHA, TLS_DHE_DSS_WITH_AES_128_CBC_SHA, TLS_ECDHE_ECDSA_WITH_AES_128_GCM_SHA256, TLS_ECDHE_RSA_WITH_AES_128_GCM_SHA256, TLS_RSA_WITH_AES_128_GCM_SHA256, TLS_ECDH_ECDSA_WITH_AES_128_GCM_SHA256, TLS_ECDH_RSA_WITH_AES_128_GCM_SHA256, TLS_DHE_RSA_WITH_AES_128_GCM_SHA256, TLS_DHE_DSS_WITH_AES_128_GCM_SHA256, TLS_ECDHE_ECDSA_WITH_3DES_EDE_CBC_SHA, TLS_ECDHE_RSA_WITH_3DES_EDE_CBC_SHA, SSL_RSA_WITH_3DES_EDE_CBC_SHA, TLS_ECDH_ECDSA_WITH_3DES_EDE_CBC_SHA, TLS_ECDH_RSA_WITH_3DES_EDE_CBC_SHA, SSL_DHE_RSA_WITH_3DES_EDE_CBC_SHA, SSL_DHE_DSS_WITH_3DES_EDE_CBC_SHA, TLS_EMPTY_RENEGOTIATION_INFO_SCSV]
2019-12-16 16:33:16,876 [DEBUG] org.apache.http.conn.ssl.SSLConnectionSocketFactory  - Starting handshake
2019-12-16 16:33:17,004 [DEBUG] org.apache.http.conn.ssl.SSLConnectionSocketFactory  - Secure session established
2019-12-16 16:33:17,004 [DEBUG] org.apache.http.conn.ssl.SSLConnectionSocketFactory  -  negotiated protocol: TLSv1.2
2019-12-16 16:33:17,004 [DEBUG] org.apache.http.conn.ssl.SSLConnectionSocketFactory  -  negotiated cipher suite: TLS_ECDHE_ECDSA_WITH_AES_128_GCM_SHA256
2019-12-16 16:33:17,004 [DEBUG] org.apache.http.conn.ssl.SSLConnectionSocketFactory  -  peer principal: CN=*.storage.googleapis.com, O=Google LLC, L=Mountain View, ST=California, C=US
2019-12-16 16:33:17,004 [DEBUG] org.apache.http.conn.ssl.SSLConnectionSocketFactory  -  peer alternative names: [*.storage.googleapis.com, *.appspot.com.storage.googleapis.com, *.commondatastorage.googleapis.com, *.content-storage-download.googleapis.com, *.content-storage-upload.googleapis.com, *.content-storage.googleapis.com, *.googleapis.com, *.storage-download.googleapis.com, *.storage-upload.googleapis.com, *.storage.select.googleapis.com, commondatastorage.googleapis.com, storage.googleapis.com, storage.select.googleapis.com, unfiltered.news]
2019-12-16 16:33:17,004 [DEBUG] org.apache.http.conn.ssl.SSLConnectionSocketFactory  -  issuer principal: CN=GTS CA 1O1, O=Google Trust Services, C=US
2019-12-16 16:33:17,004 [DEBUG] org.apache.http.impl.conn.DefaultHttpClientConnectionOperator  - Connection established 192.168.0.3:4532<->216.58.203.176:443
2019-12-16 16:33:17,005 [DEBUG] org.apache.http.impl.conn.DefaultManagedHttpClientConnection  - http-outgoing-1: set socket timeout to 30000
2019-12-16 16:33:17,005 [DEBUG] org.apache.http.impl.execchain.MainClientExec  - Executing request GET /LATEST_RELEASE HTTP/1.1
2019-12-16 16:33:17,005 [DEBUG] org.apache.http.impl.execchain.MainClientExec  - Target auth state: UNCHALLENGED
2019-12-16 16:33:17,005 [DEBUG] org.apache.http.impl.execchain.MainClientExec  - Proxy auth state: UNCHALLENGED
2019-12-16 16:33:17,005 [DEBUG] org.apache.http.headers  - http-outgoing-1 >> GET /LATEST_RELEASE HTTP/1.1
2019-12-16 16:33:17,005 [DEBUG] org.apache.http.headers  - http-outgoing-1 >> User-Agent: Apache-HttpClient/4.5.6
2019-12-16 16:33:17,005 [DEBUG] org.apache.http.headers  - http-outgoing-1 >> Connection: keep-alive
2019-12-16 16:33:17,005 [DEBUG] org.apache.http.headers  - http-outgoing-1 >> Host: chromedriver.storage.googleapis.com
2019-12-16 16:33:17,005 [DEBUG] org.apache.http.headers  - http-outgoing-1 >> Accept-Encoding: gzip,deflate
2019-12-16 16:33:17,005 [DEBUG] org.apache.http.wire  - http-outgoing-1 >> "GET /LATEST_RELEASE HTTP/1.1[\r][\n]"
2019-12-16 16:33:17,005 [DEBUG] org.apache.http.wire  - http-outgoing-1 >> "User-Agent: Apache-HttpClient/4.5.6[\r][\n]"
2019-12-16 16:33:17,005 [DEBUG] org.apache.http.wire  - http-outgoing-1 >> "Connection: keep-alive[\r][\n]"
2019-12-16 16:33:17,005 [DEBUG] org.apache.http.wire  - http-outgoing-1 >> "Host: chromedriver.storage.googleapis.com[\r][\n]"
2019-12-16 16:33:17,005 [DEBUG] org.apache.http.wire  - http-outgoing-1 >> "Accept-Encoding: gzip,deflate[\r][\n]"
2019-12-16 16:33:17,005 [DEBUG] org.apache.http.wire  - http-outgoing-1 >> "[\r][\n]"
2019-12-16 16:33:17,033 [DEBUG] org.apache.http.wire  - http-outgoing-1 << "HTTP/1.1 200 OK[\r][\n]"
2019-12-16 16:33:17,033 [DEBUG] org.apache.http.wire  - http-outgoing-1 << "X-GUploader-UploadID: AEnB2Uoe7d3A2H2_m2-1UNzb35h21DKLm_bGa2EcNzm4BrbfJqScW9LIDEFkaPLMPbHprm_e_e5oHmcYD14eFjwKQZ6woFCgVA[\r][\n]"
2019-12-16 16:33:17,034 [DEBUG] org.apache.http.wire  - http-outgoing-1 << "Expires: Mon, 16 Dec 2019 11:29:01 GMT[\r][\n]"
2019-12-16 16:33:17,034 [DEBUG] org.apache.http.wire  - http-outgoing-1 << "Date: Mon, 16 Dec 2019 10:29:01 GMT[\r][\n]"
2019-12-16 16:33:17,034 [DEBUG] org.apache.http.wire  - http-outgoing-1 << "Last-Modified: Mon, 18 Nov 2019 18:23:00 GMT[\r][\n]"
2019-12-16 16:33:17,034 [DEBUG] org.apache.http.wire  - http-outgoing-1 << "ETag: "b9bde7b64efbdd91bcd063096c26c2f3"[\r][\n]"
2019-12-16 16:33:17,034 [DEBUG] org.apache.http.wire  - http-outgoing-1 << "x-goog-generation: 1574101380239091[\r][\n]"
2019-12-16 16:33:17,034 [DEBUG] org.apache.http.wire  - http-outgoing-1 << "x-goog-metageneration: 1[\r][\n]"
2019-12-16 16:33:17,034 [DEBUG] org.apache.http.wire  - http-outgoing-1 << "x-goog-stored-content-encoding: identity[\r][\n]"
2019-12-16 16:33:17,034 [DEBUG] org.apache.http.wire  - http-outgoing-1 << "x-goog-stored-content-length: 13[\r][\n]"
2019-12-16 16:33:17,034 [DEBUG] org.apache.http.wire  - http-outgoing-1 << "Content-Type: text/plain[\r][\n]"
2019-12-16 16:33:17,034 [DEBUG] org.apache.http.wire  - http-outgoing-1 << "Content-Language: en[\r][\n]"
2019-12-16 16:33:17,034 [DEBUG] org.apache.http.wire  - http-outgoing-1 << "x-goog-hash: crc32c=ZrfQ6Q==[\r][\n]"
2019-12-16 16:33:17,034 [DEBUG] org.apache.http.wire  - http-outgoing-1 << "x-goog-hash: md5=ub3ntk773ZG80GMJbCbC8w==[\r][\n]"
2019-12-16 16:33:17,034 [DEBUG] org.apache.http.wire  - http-outgoing-1 << "x-goog-storage-class: STANDARD[\r][\n]"
2019-12-16 16:33:17,034 [DEBUG] org.apache.http.wire  - http-outgoing-1 << "Accept-Ranges: bytes[\r][\n]"
2019-12-16 16:33:17,034 [DEBUG] org.apache.http.wire  - http-outgoing-1 << "Content-Length: 13[\r][\n]"
2019-12-16 16:33:17,042 [DEBUG] org.apache.http.wire  - http-outgoing-1 << "Server: UploadServer[\r][\n]"
2019-12-16 16:33:17,042 [DEBUG] org.apache.http.wire  - http-outgoing-1 << "Cache-Control: public, max-age=3600[\r][\n]"
2019-12-16 16:33:17,043 [DEBUG] org.apache.http.wire  - http-outgoing-1 << "Age: 2055[\r][\n]"
2019-12-16 16:33:17,043 [DEBUG] org.apache.http.wire  - http-outgoing-1 << "Alt-Svc: quic=":443"; ma=2592000; v="46,43",h3-Q050=":443"; ma=2592000,h3-Q049=":443"; ma=2592000,h3-Q048=":443"; ma=2592000,h3-Q046=":443"; ma=2592000,h3-Q043=":443"; ma=2592000[\r][\n]"
2019-12-16 16:33:17,043 [DEBUG] org.apache.http.wire  - http-outgoing-1 << "[\r][\n]"
2019-12-16 16:33:17,043 [DEBUG] org.apache.http.wire  - http-outgoing-1 << "78.0.3904.105"
2019-12-16 16:33:17,043 [DEBUG] org.apache.http.headers  - http-outgoing-1 << HTTP/1.1 200 OK
2019-12-16 16:33:17,043 [DEBUG] org.apache.http.headers  - http-outgoing-1 << X-GUploader-UploadID: AEnB2Uoe7d3A2H2_m2-1UNzb35h21DKLm_bGa2EcNzm4BrbfJqScW9LIDEFkaPLMPbHprm_e_e5oHmcYD14eFjwKQZ6woFCgVA
2019-12-16 16:33:17,043 [DEBUG] org.apache.http.headers  - http-outgoing-1 << Expires: Mon, 16 Dec 2019 11:29:01 GMT
2019-12-16 16:33:17,043 [DEBUG] org.apache.http.headers  - http-outgoing-1 << Date: Mon, 16 Dec 2019 10:29:01 GMT
2019-12-16 16:33:17,044 [DEBUG] org.apache.http.headers  - http-outgoing-1 << Last-Modified: Mon, 18 Nov 2019 18:23:00 GMT
2019-12-16 16:33:17,044 [DEBUG] org.apache.http.headers  - http-outgoing-1 << ETag: "b9bde7b64efbdd91bcd063096c26c2f3"
2019-12-16 16:33:17,044 [DEBUG] org.apache.http.headers  - http-outgoing-1 << x-goog-generation: 1574101380239091
2019-12-16 16:33:17,044 [DEBUG] org.apache.http.headers  - http-outgoing-1 << x-goog-metageneration: 1
2019-12-16 16:33:17,044 [DEBUG] org.apache.http.headers  - http-outgoing-1 << x-goog-stored-content-encoding: identity
2019-12-16 16:33:17,044 [DEBUG] org.apache.http.headers  - http-outgoing-1 << x-goog-stored-content-length: 13
2019-12-16 16:33:17,044 [DEBUG] org.apache.http.headers  - http-outgoing-1 << Content-Type: text/plain
2019-12-16 16:33:17,044 [DEBUG] org.apache.http.headers  - http-outgoing-1 << Content-Language: en
2019-12-16 16:33:17,044 [DEBUG] org.apache.http.headers  - http-outgoing-1 << x-goog-hash: crc32c=ZrfQ6Q==
2019-12-16 16:33:17,044 [DEBUG] org.apache.http.headers  - http-outgoing-1 << x-goog-hash: md5=ub3ntk773ZG80GMJbCbC8w==
2019-12-16 16:33:17,044 [DEBUG] org.apache.http.headers  - http-outgoing-1 << x-goog-storage-class: STANDARD
2019-12-16 16:33:17,044 [DEBUG] org.apache.http.headers  - http-outgoing-1 << Accept-Ranges: bytes
2019-12-16 16:33:17,044 [DEBUG] org.apache.http.headers  - http-outgoing-1 << Content-Length: 13
2019-12-16 16:33:17,044 [DEBUG] org.apache.http.headers  - http-outgoing-1 << Server: UploadServer
2019-12-16 16:33:17,044 [DEBUG] org.apache.http.headers  - http-outgoing-1 << Cache-Control: public, max-age=3600
2019-12-16 16:33:17,044 [DEBUG] org.apache.http.headers  - http-outgoing-1 << Age: 2055
2019-12-16 16:33:17,044 [DEBUG] org.apache.http.headers  - http-outgoing-1 << Alt-Svc: quic=":443"; ma=2592000; v="46,43",h3-Q050=":443"; ma=2592000,h3-Q049=":443"; ma=2592000,h3-Q048=":443"; ma=2592000,h3-Q046=":443"; ma=2592000,h3-Q043=":443"; ma=2592000
2019-12-16 16:33:17,044 [DEBUG] org.apache.http.impl.execchain.MainClientExec  - Connection can be kept alive indefinitely
2019-12-16 16:33:17,044 [DEBUG] org.apache.http.impl.conn.PoolingHttpClientConnectionManager  - Connection [id: 1][route: {s}->https://chromedriver.storage.googleapis.com:443] can be kept alive indefinitely
2019-12-16 16:33:17,044 [DEBUG] org.apache.http.impl.conn.DefaultManagedHttpClientConnection  - http-outgoing-1: set socket timeout to 0
2019-12-16 16:33:17,044 [DEBUG] org.apache.http.impl.conn.PoolingHttpClientConnectionManager  - Connection released: [id: 1][route: {s}->https://chromedriver.storage.googleapis.com:443][total kept alive: 1; route allocated: 1 of 2; total allocated: 1 of 20]
2019-12-16 16:33:30,125 [DEBUG] org.apache.http.impl.conn.PoolingHttpClientConnectionManager  - Connection manager is shutting down
2019-12-16 16:33:30,126 [DEBUG] org.apache.http.impl.conn.DefaultManagedHttpClientConnection  - http-outgoing-0: Close connection
2019-12-16 16:33:30,127 [DEBUG] org.apache.http.impl.conn.PoolingHttpClientConnectionManager  - Connection manager shut down
